INFO       - 2024-05-28 17:34:27,738 - __init__ - Прямоугольник some_rectangle прошёл инициализацию. Ширина: 1, Высота: 2
INFO       - 2024-05-28 17:34:27,738 - __init__ - Прямоугольник some_rectangle прошёл инициализацию. Ширина: 1, Высота: 2
INFO       - 2024-05-28 17:34:27,738 - area - Площадь прямоугольника some_rectangle составляет 2
INFO       - 2024-05-28 17:34:27,738 - area - Площадь прямоугольника some_rectangle составляет 2
INFO       - 2024-05-28 17:34:27,738 - area - Площадь прямоугольника some_rectangle составляет 2
INFO       - 2024-05-28 17:34:27,738 - area - Площадь прямоугольника some_rectangle составляет 2
INFO       - 2024-05-28 17:34:27,738 - __eq__ - Результат сравнения двух прямоугольников: 2 == 2: True
INFO       - 2024-05-28 17:34:27,738 - area - Площадь прямоугольника some_rectangle составляет 2
INFO       - 2024-05-28 17:34:27,738 - area - Площадь прямоугольника some_rectangle составляет 2
INFO       - 2024-05-28 17:34:27,738 - __init__ - Прямоугольник some_rectangle прошёл инициализацию. Ширина: 2, Высота: 4
INFO       - 2024-05-28 17:34:27,738 - __add__ - В результате сложения прямоугольников some_rectangle и some_rectangle получился новый аттрибут класса Rectangle - some_rectangle со сторонами 2 и 4
INFO       - 2024-05-28 17:34:27,738 - perimeter - Периметр прямоугольника some_rectangle составляет 6
INFO       - 2024-05-28 17:34:27,738 - perimeter - Периметр прямоугольника some_rectangle составляет 6
ERROR      - 2024-05-28 17:34:27,739 - __sub__ - Один из прямоугольников не соответствует заданным параметрам для этой операции
ERROR      - 2024-05-28 17:34:27,739 - validate - Треугольник не прошёл инициализацию: Ширина должна быть положительной, а не v
INFO       - 2024-05-28 17:38:23,437 - __init__ - Прямоугольник some_rectangle прошёл инициализацию. Ширина: 1, Высота: 2
INFO       - 2024-05-28 17:38:23,437 - perimeter - Периметр прямоугольника some_rectangle составляет 6
INFO       - 2024-05-28 18:28:15,705 - __init__ - Прямоугольник some_rectangle прошёл инициализацию. Ширина: 1, Высота: 2
INFO       - 2024-05-28 18:28:15,706 - perimeter - Периметр прямоугольника some_rectangle составляет 6
INFO       - 2024-05-28 18:28:20,413 - __init__ - Прямоугольник some_rectangle прошёл инициализацию. Ширина: 1, Высота: 2
INFO       - 2024-05-28 18:28:20,413 - __init__ - Прямоугольник some_rectangle прошёл инициализацию. Ширина: 1, Высота: 2
INFO       - 2024-05-28 18:28:20,413 - area - Площадь прямоугольника some_rectangle составляет 2
INFO       - 2024-05-28 18:28:20,414 - area - Площадь прямоугольника some_rectangle составляет 2
INFO       - 2024-05-28 18:28:20,414 - area - Площадь прямоугольника some_rectangle составляет 2
INFO       - 2024-05-28 18:28:20,414 - area - Площадь прямоугольника some_rectangle составляет 2
INFO       - 2024-05-28 18:28:20,414 - __eq__ - Результат сравнения двух прямоугольников: 2 == 2: True
INFO       - 2024-05-28 18:28:20,414 - area - Площадь прямоугольника some_rectangle составляет 2
INFO       - 2024-05-28 18:28:20,414 - area - Площадь прямоугольника some_rectangle составляет 2
INFO       - 2024-05-28 18:28:20,414 - __init__ - Прямоугольник some_rectangle прошёл инициализацию. Ширина: 2, Высота: 4
INFO       - 2024-05-28 18:28:20,414 - __add__ - В результате сложения прямоугольников some_rectangle и some_rectangle получился новый аттрибут класса Rectangle - some_rectangle со сторонами 2 и 4
INFO       - 2024-05-28 18:28:20,414 - perimeter - Периметр прямоугольника some_rectangle составляет 6
INFO       - 2024-05-28 18:28:20,414 - perimeter - Периметр прямоугольника some_rectangle составляет 6
ERROR      - 2024-05-28 18:28:20,414 - __sub__ - Один из прямоугольников не соответствует заданным параметрам для этой операции
ERROR      - 2024-05-28 18:28:20,414 - validate - Треугольник не прошёл инициализацию: Ширина должна быть положительной, а не v
INFO       - 2024-05-28 18:28:20,414 - __init__ - Прямоугольник some_rectangle прошёл инициализацию. Ширина: v, Высота: 3.14
INFO       - 2024-05-28 18:28:20,414 - __init__ - Прямоугольник some_rectangle прошёл инициализацию. Ширина: 2, Высота: 4
INFO       - 2024-05-28 18:28:20,414 - perimeter - Периметр прямоугольника some_rectangle составляет 6
