INFO       - 2024-05-28 16:49:40,950 - __init__ - Матрица прошла инициализацию: matrix1 атрибут имеет кол-во строк: 2 _ кол-во колонок: 3
INFO       - 2024-05-28 16:49:57,785 - __init__ - Матрица прошла инициализацию: matrix1 атрибут имеет кол-во строк: 2 _ кол-во колонок: 3
INFO       - 2024-05-28 16:49:57,785 - __init__ - Матрица прошла инициализацию: matrix2 атрибут имеет кол-во строк: 2 _ кол-во колонок: 3
INFO       - 2024-05-28 16:50:55,242 - __init__ - Матрица прошла инициализацию: matrix1 атрибут имеет кол-во строк: 2 _ кол-во колонок: 3
INFO       - 2024-05-28 16:50:55,242 - __init__ - Матрица прошла инициализацию: matrix2 атрибут имеет кол-во строк: 2 _ кол-во колонок: 3
ERROR      - 2024-05-28 16:50:55,242 - __mul__ - Матрицы нельзя умножить, т.к. они разной длины [[7, 8, 9], [10, 11]] и [[1, 2, 3], [4, 5, 6]]
INFO       - 2024-05-28 16:51:23,113 - __init__ - Матрица прошла инициализацию: matrix1 атрибут имеет кол-во строк: 2 _ кол-во колонок: 3
INFO       - 2024-05-28 16:51:23,113 - __init__ - Матрица прошла инициализацию: matrix2 атрибут имеет кол-во строк: 2 _ кол-во колонок: 3
ERROR      - 2024-05-28 16:51:23,113 - __mul__ - Матрицы нельзя умножить, т.к. они разной длины [[7, 8, 9], [10, 11]] и [[1, 2, 3], [4, 5, 6]]
ERROR      - 2024-05-28 16:51:23,113 - __add__ - Матрицы нельзя сложить, т.к. они разной длины [[7, 8, 9], [10, 11]] и [[1, 2, 3], [4, 5, 6]]
INFO       - 2024-05-28 16:55:05,312 - __init__ - Матрица прошла инициализацию: matrix1 атрибут имеет кол-во строк: 2 _ кол-во колонок: 3
INFO       - 2024-05-28 16:55:05,312 - __init__ - Матрица прошла инициализацию: matrix2 атрибут имеет кол-во строк: 2 _ кол-во колонок: 3
ERROR      - 2024-05-28 16:55:05,313 - __mul__ - Матрицы нельзя умножить, т.к. они разной длины [[7, 8, 9], [10, 11]] и [[1, 2, 3], [4, 5, 6]]
ERROR      - 2024-05-28 16:55:05,313 - __add__ - Матрицы нельзя сложить, т.к. они разной длины [[7, 8, 9], [10, 11]] и [[1, 2, 3], [4, 5, 6]]
INFO       - 2024-05-28 16:55:18,379 - __init__ - Матрица прошла инициализацию: matrix1 атрибут имеет кол-во строк: 2 _ кол-во колонок: 3
INFO       - 2024-05-28 16:55:18,380 - __init__ - Матрица прошла инициализацию: matrix2 атрибут имеет кол-во строк: 2 _ кол-во колонок: 3
ERROR      - 2024-05-28 16:55:18,380 - __mul__ - Матрицы нельзя умножить, т.к. они разной длины [[7, 8, 9], [10, 11]] и [[1, 2, 3], [4, 5, 6]]
ERROR      - 2024-05-28 16:55:18,380 - __add__ - Матрицы нельзя сложить, т.к. они разной длины [[7, 8, 9], [10, 11]] и [[1, 2, 3], [4, 5, 6]]
INFO       - 2024-05-28 16:55:18,380 - __eq__ - Матрицы не равны друг другу [[7, 8, 9], [10, 11]] и [[1, 2, 3], [4, 5, 6]]
INFO       - 2024-05-28 16:56:07,429 - __init__ - Матрица прошла инициализацию: matrix1 атрибут имеет кол-во строк: 2 _ кол-во колонок: 3
INFO       - 2024-05-28 16:56:07,429 - __init__ - Матрица прошла инициализацию: matrix_check атрибут имеет кол-во строк: 2 _ кол-во колонок: 3
INFO       - 2024-05-28 16:56:07,429 - __init__ - Матрица прошла инициализацию: matrix2 атрибут имеет кол-во строк: 2 _ кол-во колонок: 3
ERROR      - 2024-05-28 16:56:07,429 - __mul__ - Матрицы нельзя умножить, т.к. они разной длины [[7, 8, 9], [10, 11]] и [[1, 2, 3], [4, 5, 6]]
ERROR      - 2024-05-28 16:56:07,429 - __add__ - Матрицы нельзя сложить, т.к. они разной длины [[7, 8, 9], [10, 11]] и [[1, 2, 3], [4, 5, 6]]
INFO       - 2024-05-28 16:56:07,429 - __eq__ - Матрицы не равны друг другу [[7, 8, 9], [10, 11]] и [[1, 2, 3], [4, 5, 6]]
INFO       - 2024-05-28 16:56:20,474 - __init__ - Матрица прошла инициализацию: matrix1 атрибут имеет кол-во строк: 2 _ кол-во колонок: 3
INFO       - 2024-05-28 16:56:20,474 - __init__ - Матрица прошла инициализацию: matrix_check атрибут имеет кол-во строк: 2 _ кол-во колонок: 3
INFO       - 2024-05-28 16:56:20,474 - __init__ - Матрица прошла инициализацию: matrix2 атрибут имеет кол-во строк: 2 _ кол-во колонок: 3
ERROR      - 2024-05-28 16:56:20,474 - __mul__ - Матрицы нельзя умножить, т.к. они разной длины [[7, 8, 9], [10, 11]] и [[1, 2, 3], [4, 5, 6]]
ERROR      - 2024-05-28 16:56:20,474 - __add__ - Матрицы нельзя сложить, т.к. они разной длины [[7, 8, 9], [10, 11]] и [[1, 2, 3], [4, 5, 6]]
INFO       - 2024-05-28 16:56:20,474 - __eq__ - Матрицы равны друг другу [[1, 2, 3], [4, 5, 6]] и [[1, 2, 3], [4, 5, 6]]
