INFO       - 2024-05-28 18:23:14,223 - __init__ - Атрибут класса Student прошёл инициализацию. Имя студента: Валера, Оценки студента: {'Математика': {'grades': [], 'test_scores': []}, 'Физика': {'grades': [], 'test_scores': []}, 'История': {'grades': [], 'test_scores': []}, 'Литература': {'grades': [], 'test_scores': []}}
INFO       - 2024-05-28 18:23:14,223 - __init__ - Атрибут класса Student прошёл инициализацию. Имя студента: Дима, Оценки студента: {'Математика': {'grades': [], 'test_scores': []}, 'Физика': {'grades': [], 'test_scores': []}, 'История': {'grades': [], 'test_scores': []}, 'Литература': {'grades': [], 'test_scores': []}}
INFO       - 2024-05-28 18:23:14,223 - add_grade - Оценка 5 за урок Математика добавлена для студента Валера
INFO       - 2024-05-28 18:23:14,223 - add_grade - Оценка 5 за урок Физика добавлена для студента Валера
INFO       - 2024-05-28 18:23:14,223 - add_grade - Оценка 3 за урок Литература добавлена для студента Валера
INFO       - 2024-05-28 18:23:14,223 - get_average_grade - Средний балл Валера по урокам равен 4.333333333333333
INFO       - 2024-05-28 18:23:59,544 - __init__ - Атрибут класса Student прошёл инициализацию. Имя студента: Валера, Оценки студента: {'Математика': {'grades': [], 'test_scores': []}, 'Физика': {'grades': [], 'test_scores': []}, 'История': {'grades': [], 'test_scores': []}, 'Литература': {'grades': [], 'test_scores': []}}
INFO       - 2024-05-28 18:23:59,545 - __init__ - Атрибут класса Student прошёл инициализацию. Имя студента: Дима, Оценки студента: {'Математика': {'grades': [], 'test_scores': []}, 'Физика': {'grades': [], 'test_scores': []}, 'История': {'grades': [], 'test_scores': []}, 'Литература': {'grades': [], 'test_scores': []}}
ERROR      - 2024-05-28 18:23:59,545 - add_grade - Урок Чтение не найден
INFO       - 2024-05-28 18:24:13,580 - __init__ - Атрибут класса Student прошёл инициализацию. Имя студента: Валера, Оценки студента: {'Математика': {'grades': [], 'test_scores': []}, 'Физика': {'grades': [], 'test_scores': []}, 'История': {'grades': [], 'test_scores': []}, 'Литература': {'grades': [], 'test_scores': []}}
INFO       - 2024-05-28 18:24:13,581 - __init__ - Атрибут класса Student прошёл инициализацию. Имя студента: Дима, Оценки студента: {'Математика': {'grades': [], 'test_scores': []}, 'Физика': {'grades': [], 'test_scores': []}, 'История': {'grades': [], 'test_scores': []}, 'Литература': {'grades': [], 'test_scores': []}}
ERROR      - 2024-05-28 18:24:13,581 - add_grade - Урок Чтение не найден
INFO       - 2024-05-28 18:24:20,206 - __init__ - Атрибут класса Student прошёл инициализацию. Имя студента: Валера, Оценки студента: {'Математика': {'grades': [], 'test_scores': []}, 'Физика': {'grades': [], 'test_scores': []}, 'История': {'grades': [], 'test_scores': []}, 'Литература': {'grades': [], 'test_scores': []}}
INFO       - 2024-05-28 18:24:20,206 - __init__ - Атрибут класса Student прошёл инициализацию. Имя студента: Дима, Оценки студента: {'Математика': {'grades': [], 'test_scores': []}, 'Физика': {'grades': [], 'test_scores': []}, 'История': {'grades': [], 'test_scores': []}, 'Литература': {'grades': [], 'test_scores': []}}
INFO       - 2024-05-28 18:24:20,206 - add_grade - Оценка 5 за урок Математика добавлена для студента Валера
INFO       - 2024-05-28 18:24:20,206 - add_grade - Оценка 5 за урок Физика добавлена для студента Валера
INFO       - 2024-05-28 18:24:20,206 - add_grade - Оценка 3 за урок Литература добавлена для студента Валера
INFO       - 2024-05-28 18:24:20,206 - get_average_grade - Средний балл Валера по урокам равен 4.333333333333333
INFO       - 2024-05-28 18:24:20,206 - add_test_score - Результат теста 28 за Математика добавлен для студента Валера
ERROR      - 2024-05-28 18:24:20,206 - add_test_score - Результат теста за Математика должен быть целым числом от 0 до 100, а не 142
INFO       - 2024-05-28 18:25:53,529 - __init__ - Атрибут класса Student прошёл инициализацию. Имя студента: Валера, Оценки студента: {'Математика': {'grades': [], 'test_scores': []}, 'Физика': {'grades': [], 'test_scores': []}, 'История': {'grades': [], 'test_scores': []}, 'Литература': {'grades': [], 'test_scores': []}}
INFO       - 2024-05-28 18:25:53,530 - __init__ - Атрибут класса Student прошёл инициализацию. Имя студента: Дима, Оценки студента: {'Математика': {'grades': [], 'test_scores': []}, 'Физика': {'grades': [], 'test_scores': []}, 'История': {'grades': [], 'test_scores': []}, 'Литература': {'grades': [], 'test_scores': []}}
ERROR      - 2024-05-28 18:25:53,530 - add_grade - Урок Чтение не найден
INFO       - 2024-05-28 18:25:53,530 - add_grade - Оценка 5 за урок Математика добавлена для студента Валера
INFO       - 2024-05-28 18:25:53,530 - add_grade - Оценка 5 за урок Физика добавлена для студента Валера
INFO       - 2024-05-28 18:25:53,530 - add_grade - Оценка 3 за урок Литература добавлена для студента Валера
INFO       - 2024-05-28 18:25:53,530 - get_average_grade - Средний балл Валера по урокам равен 4.333333333333333
INFO       - 2024-05-28 18:25:53,530 - add_test_score - Результат теста 28 за Математика добавлен для студента Валера
ERROR      - 2024-05-28 18:25:53,530 - add_test_score - Результат теста за Математика должен быть целым числом от 0 до 100, а не 142
INFO       - 2024-05-28 18:25:53,530 - get_average_test_score - Средний балл Валера по тестам равен 28.0
INFO       - 2024-05-28 18:26:34,801 - __init__ - Атрибут класса Student прошёл инициализацию. Имя студента: Валера, Оценки студента: {'Математика': {'grades': [], 'test_scores': []}, 'Физика': {'grades': [], 'test_scores': []}, 'История': {'grades': [], 'test_scores': []}, 'Литература': {'grades': [], 'test_scores': []}}
INFO       - 2024-05-28 18:26:34,801 - __init__ - Атрибут класса Student прошёл инициализацию. Имя студента: Дима, Оценки студента: {'Математика': {'grades': [], 'test_scores': []}, 'Физика': {'grades': [], 'test_scores': []}, 'История': {'grades': [], 'test_scores': []}, 'Литература': {'grades': [], 'test_scores': []}}
ERROR      - 2024-05-28 18:26:34,801 - add_grade - Урок Чтение не найден
INFO       - 2024-05-28 18:26:34,801 - add_grade - Оценка 5 за урок Математика добавлена для студента Валера
INFO       - 2024-05-28 18:26:34,801 - add_grade - Оценка 5 за урок Физика добавлена для студента Валера
INFO       - 2024-05-28 18:26:34,801 - add_grade - Оценка 3 за урок Литература добавлена для студента Валера
INFO       - 2024-05-28 18:26:34,801 - get_average_grade - Средний балл Валера по урокам равен 4.333333333333333
INFO       - 2024-05-28 18:26:34,801 - add_test_score - Результат теста 28 за Математика добавлен для студента Валера
ERROR      - 2024-05-28 18:26:34,801 - add_test_score - Результат теста за Математика должен быть целым числом от 0 до 100, а не 142
INFO       - 2024-05-28 18:26:34,801 - get_average_test_score - Средний балл Валера по тестам равен 28.0
